<?xml version="1.0" encoding="UTF-8"?>
<!-- Generated by org.testng.reporters.JUnitReportReporter -->
<testsuite skipped="0" hostname="abc-PC" name="remoteRepoGITJNKS.Project1" tests="1" failures="0" timestamp="27 Jun 2020 09:19:41 GMT" time="54.053" errors="0">
  <testcase name="doLogin" time="54.053" classname="remoteRepoGITJNKS.Project1"/>
</testsuite> <!-- remoteRepoGITJNKS.Project1 -->
